2874
7942
5904
4171
4171
4171
9295
9295
7362
7362
7362
7362
7362
7362
7362
7362
2277
8141
8141
8141
554
554
3411
9295
9527
5283
5283
2272
2272
4807
4807
6375
6375
6375
7765
7765
380
380
7932
3313
5148
5148
9527
9042
5644
5644
1410
3099
3425
3425
3425
3425
3425
3425
5360
7769
8648
8648
8025
3838
5001
4850
4850
3380
3380
4850
5001
1905
1905
1905
5001
5143
5670
5670
6658
4586
4586
7842
9690
287
5453
6757
6757
2485
974
2485
2899
3233
3233
3233
3233
538
538
538
3875
5131
995
415
1747
1747
1747
2886
2886
2886
3595
3595
3595
6812
5782
6974
6974
6974
6974
6974
6974
7117
7779
7779
7992
7992
6085
4618
6085
580
1854
1292
1292
1292
1854
1854
3246
3246
150
282
1924
5583
5841
5841
1182
1182
5893
5893
6085
6085
6085
6954
110
6954
7298
7298
7712
7992
7992
8612
8612
8765
8765
6908
6791
8828
8828
4053
8857
8302
7692
9162
6710
6033
6033
6986
2911
4153
4153
4208
4208
4208
6696
6520
6520
6443
6443
6443
6696
7343
2219
2219
561
561
1591
1591
2219
2239
8154
8154
8346
4392
819
2489
5006
5689
5689
4620
6884
6884
8346
8378
8585
8585
8704
6226
6226
4595
4595
5923
5923
5923
5962
5962
5962
1435
1435
1435
1435
4036
4036
5962
6160
6160
6160
7010
7138
7138
1149
1149
5306
5569
3319
2890
2890
2890
4613
3322
1090
1090
1090
1090
2247
2247
5569
5569
7138
5717
5671
5671
5671
3140
3140
7279
355
355
355
355
7279
2617
2617
2617
2617
2617
2617
2617
8111
8111
8111
8111
8111
8111
8111
3833
7498
8524
6632
9232
9316
9342
9441
9441
9441
9441
3670
4199
1112
2672
2672
2672
4590
4590
5174
426
426
426
426
465
4596
4596
6185
6185
8090
8090
8291
2085
800
800
2880
8575
7659
7659
791
791
5958
5958
8942
5312
5312
5312
7584
8942
4211
6853
8772
9607
9638
8665
4071
6316
7541
7541
1593
1593
2979
4755
7541
7541
7541
8665
9701
9744
7687
7687
7687
7687
7687
7687
7687
7687
7723
9750
5917
5917
2394
2394
2394
6913
6913
9840
7440
7440
7440
7440
6612
1821
5504
8447
8447
4397
9022
9247
3432
7803
7803
9943
9943
9943
9943
9943
9943
1962
8077
2500
2500
2500
20
20
1519
1519
1519
1519
1981
1981
1981
2907
9252
7117
8896
8896
8896
8896
4945
1239
9015
9015
1877
1877
1877
1877
1877
5456
1550
1550
2458
2458
22
2458
4841
2466
2466
2466
2466
4564
5446
5446
3326
7387
5340
6205
6205
7387
7387
7387
7387
7636
5246
2131
2131
2131
2131
2131
2456
2809
3116
3116
4699
6586
6079
7189
7189
7189
7189
7189
7189
7604
7636
7637
697
697
697
697
697
2035
7637
7637
7901
7901
7901
4561
7901
8928
8928
9535
9979
9979
9979
7635
399
399
399
190
1481
706
706
706
706
706
525
525
699
706
1361
5589
5878
5227
5433
5433
5433
5433
5433
5433
5433
5878
5878
6087
6087
6369
6369
6369
6503
6503
6503
1813
1813
1813
1813
3614
4494
6503
6503
6871
6871
7635
1839
7635
7885
8286
8286
8286
8462
8627
8772
8815
8815
8815
8948
1206
4951
4646
4646
1467
4646
7994
6216
6216
6216
8027
720
720
720
720
3919
3919
3919
4961
4961
4961
4961
7251
7251
1062
8600
1195
8774
927
927
8774
8812
8812
6759
6759
1896
1896
1896
1896
7047
7047
7783
7783
5234
7783
8935
8935
8935
8935
8935
1589
9277
9411
588
588
588
588
588
622
622
85
4191
4266
7889
7889
7889
7889
9498
6697
7930
5599
5599
5599
4713
2849
1640
1640
8140
8140
8140
5408
1543
5408
5408
5408
7384
7384
7384
1072
4884
2945
2945
2945
2945
7463
7463
5645
206
206
4866
4866
6005
6005
7463
7463
7982
7982
224
593
593
593
1649
1649
3587
3587
6659
8757
8757
9279
9474
9474
9784
9784
6051
6051
4371
115
115
4371
1440
5392
898
9811
3779
9247
9247
4763
7150
7840
6431
4296
4296
9360
9360
9360
3562
3562
3562
1123
1123
2263
2263
1266
1266
1352
3206
3083
7436
7436
7436
8258
8258
9092
9092
261
261
261
560
560
1138
1138
1138
6108
6602
3985
7282
41
41
2504
2504
1362
3547
4648
4648
6329
7282
7371
7371
7575
7575
7575
4771
6924
1154
6924
6924
6924
6924
6924
3430
245
245
3430
5632
5632
5951
5951
5951
6924
1958
1958
1958
7706
7706
8132
8150
3386
3386
3386
2116
7429
7429
7442
4413
1473
4375
2482
2482
2482
8366
849
1083
1083
8859
8859
3830
5736
8718
4833
6006
6006
5207
166
166
2848
2848
5557
5985
5985
177
2395
2395
2395
6698
6698
6698
6698
24
24
5145
5145
5145
5145
5145
5145
2877
3380
5145
4414
4414
3285
3285
3285
2620
5145
5598
5598
5598
5598
5598
5626
5626
1384
1736
1736
1854
5626
2583
5626
6267
4289
4289
4289
3041
3041
4289
4289
4289
4289
6308
2910
2910
2910
2910
6848
7009
7009
7009
7009
3147
3147
4994
7009
904
7009
6009
6422
7384
7697
6873
656
6873
7735
7735
7735
814
1078
1078
1078
2769
7735
7748
7748
7991
578
578
1622
1622
1622
1622
1622
1622
1622
1622
1622
1622
1622
1764
2570
2570
2570
2570
2968
1083
1083
1665
1665
3382
4669
4669
4918
5001
5001
774
774
774
176
176
6411
8059
8223
3882
7853
7853
8348
1120
8348
7466
7466
8515
8717
8717
8717
9072
9333
9341
1869
1869
1869
1869
2526
7036
7036
9347
9347
2458
2458
9347
9347
9353
9353
9429
3295
8579
9368
5428
2278
2278
1110
1110
289
2278
8561
2401
2401
4897
1250
2726
1037
1037
1037
1037
9609
9609
7272
7272
7646
7646
7334
8734
8734
8734
8734
9695
98
98
9019
4254
4254
9695
2257
6309
6309
3522
3522
878
5954
5954
5954
5954
5954
5954
6309
6309
1044
6309
1502
7923
7923
1635
7923
8329
8333
6838
6838
8333
4201
5146
4477
4477
4477
5631
5631
5631
7855
3931
6943
6943
8658
8658
8658
8916
8916
8916
8916
8916
1503
8916
212
212
5543
5543
5233
3322
3322
3322
3322
3322
3322
7113
7113
7113
895
895
895
7299
4091
4091
4091
5688
9728
9728
9728
9728
9774
9774
9774
9774
9784
9784
9784
9801
8153
8153
1133
3735
7667
8153
9948
9982
347
8642
8642
64
3519
5280
5280
2948
2948
2786
2786
2786
3838
6660
2657
607
5634
2449
2449
231
3904
9769
976
976
976
9769
2268
984
984
984
984
984
984
984
984
343
2977
5175
3371
3371
6122
6122
121
2644
2127
4349
4349
4349
6122
6122
6122
3914
5337
4491
4491
1073
1073
7796
8154
8714
8714
8714
8714
2465
3074
3074
3118
3118
3048
3048
1273
1273
1273
5886
6527
4476
7836
3520
3520
3520
7836
8616
8616
8616
9067
7235
7235
9067
9678
4813
9678
2163
2163
2163
2177
4573
5871
5871
5871
5871
6865
6865
6865
6865
6890
3624
1964
1964
1938
2239
7444
7444
7009
1732
1369
1369
1732
1732
5453
3878
3878
5453
5453
5453
3939
3939
3939
1076
1076
2429
4787
4787
6631
7115
4338
681
681
5871
4933
5165
5221
346
7261
7261
7261
7479
4028
3204
4425
4425
7479
5858
5858
5858
1506
1506
741
5300
5300
731
731
5760
5188
5760
6230
7479
7484
7484
7582
7582
2193
56
56
56
107
2098
2193
1567
1567
1567
2905
2905
3825
3825
3825
3825
3825
3825
6309
6309
7697
7871
7871
7958
7958
4598
8076
8177
5880
8277
8277
4939
4939
4939
4939
4939
4939
4939
8282
8282
8282
8301
8301
8301
8301
7663
7663
7740
7982
7982
7982
8301
8301
5316
5316
5316
8301
8301
4011
8301
1261
8444
8710
6804
6804
6804
3373
6405
6804
5388
826
826
826
1476
5094
5094
5094
6804
6804
6804
8512
839
2705
1807
1807
1807
1807
3277
4686
6394
6394
9259
9259
9259
9259
9300
9345
9345
9394
9399
9399
9517
9517
9517
6848
730
730
730
730
4044
3273
6338
2389
2388
2388
2389
2389
2389
2776
2776
2776
2776
3413
868
305
305
868
868
2413
5739
2055
2055
4416
4416
1761
4991
4991
7868
308
308
308
3307
5099
7710
7710
7710
7197
7868
8080
8080
7635
6473
6473
6473
3531
3531
5324
5324
5324
2315
2315
5324
5324
7986
7388
3612
7388
6589
4866
7986
4484
5109
6905
6905
419
419
2383
4412
6517
6517
6517
8352
8512
7764
8512
4442
3851
3851
4554
4554
4058
4058
8171
8171
8171
5231
5231
5231
5231
5231
3535
2218
2218
5098
5098
5098
5098
5098
7077
7689
7330
2087
4189
4189
4189
8177
8004
8899
6338
3138
3138
1966
3238
3238
3238
6338
5315
8899
8899
6292
6292
6292
982
4485
2011
372
4108
4485
6139
5910
6292
479
479
5985
5985
5985
5985
5985
5985
6864
3843
4304
4304
7676
4542
3380
1148
3380
2933
3380
3427
3481
3481
4669
4669
2631
2631
4669
4669
4809
5151
5151
5964
3442
6819
7676
7780
7780
7780
7979
2344
3997
3997
3997
3997
8275
8315
8746
8746
8746
8746
8746
8746
8746
7974
7974
7398
7974
7974
8900
1973
1973
1973
6173
6173
6173
6173
6173
6173
1268
2044
652
2044
9015
9219
3718
9379
9433
4213
4213
3460
2232
2232
2232
5959
5959
5959
5429
5429
462
5057
5057
399
8775
6865
6865
5855
8579
6271
784
784
784
784
1253
5243
6970
6970
551
6970
5694
3355
3355
3355
3355
7297
7538
7538
5796
5796
7598
5368
5368
5368
5368
5368
5368
5368
5368
8244
8277
8277
8277
2741
8591
8785
8880
8986
8986
8986
9167
6775
6861
1926
6861
9286
9286
1729
9433
9433
9433
9433
2856
1889
1889
2440
2912
3609
3609
3609
8720
9556
5343
5343
8431
8050
397
6116
6116
9474
9556
1844
3550
3550
9045
9045
9045
3779
995
995
995
87
87
87
87
87
87
87
87
87
87
87
189
189
4172
4172
4172
5617
5617
5037
566
25
2188
7637
7318
5347
7705
7705
8246
8711
9005
9005
9005
9005
9005
5015
3062
136
136
136
136
136
3062
5006
5006
5015
5015
6012
6357
6357
9330
2031
9385
9556
9556
9556
2034
761
2034
2034
2034
2034
2034
2034
209
209
209
209
209
209
209
209
1508
2394
2394
1804
1804
1804
3232
4981
5067
5688
5770
5882
5882
1941
1941
1941
3165
3165
1246
6902
6902
7013
7036
7036
2520
2520
2520
2552
7248
7367
8511
5264
5264
6417
2290
2290
5346
5346
6417
6417
8366
8366
8691
8691
1509
276
276
276
1509
1785
5129
5129
5129
3485
3485
5129
5129
5180
76
8691
8702
8702
9343
9556
9556
9556
7392
7392
7392
5723
4578
4578
4578
9596
9605
9605
9629
9629
9716
3243
3243
3243
3243
8028
8028
8028
1924
5713
1733
1733
1733
1733
4395
4395
4395
4395
4395
3914
3914
3914
3914
6323
5952
5952
5952
5952
5952
5952
5470
5470
5470
8562
8562
9422
4871
9422
5963
3697
3697
5963
5963
5963
5963
9248
9727
9727
9747
832
832
832
832
246
246
832
9752
9752
9771
9771
9772
9772
5612
5612
179
1026
1026
1026
3076
5612
5612
3153
3153
3153
1161
2909
2909
2909
2909
306
306
3153
3153
5612
5612
5612
7323
5388
4707
4707
5132
6487
7865
7865
7865
7865
7865
5185
5185
1757
1757
1176
1176
1757
2823
3314
7865
917
6607
6607
6607
7865
6243
6243
1358
7867
7999
7999
7999
5004
5004
7999
7999
7999
6802
7999
7999
3449
3449
3449
2511
3449
3449
3449
6858
6858
6858
6684
3193
8920
8920
5947
5947
3543
3543
5947
5947
7546
1147
6225
6225
6225
9784
7831
9641
1778
1778
1778
1778
6997
6997
3503
7606
9855
9861
9861
9861
7903
3207
9861
9862
9862
9862
9891
9891
8438
9625
5799
2431
3232
3232
3232
4931
3175
3175
3175
3175
5799
5799
5799
6529
5971
4288
2476
2215
711
711
9076
1377
9891
3340
1019
7602
5747
5747
7445
7445
7602
8813
8813
8813
6035
6035
5489
2719
5426
5426
5511
6035
7087
1539
3825
3825
3825
397
106
397
397
3825
3825
5746
5746
5746
5746
8132
8132
8132
8688
8688
8799
7034
7034
6039
6039
7166
7166
7166
7166
7927
9912
9912
6088
6088
8627
6928
6928
1298
1250
1991
1991
1991
1991
3239
3239
3239
4490
4885
4885
4885
1066
1066
1066
8587
8700
2299
2299
2299
8799
4663
9494
9981
9991
9996
3589
118
118
6734
6734
7120
2631
2631
2424
3638
9996
5382
3455
4486
9473
9473
413
931
931
354
354
2492
3530
3530
2155
7463
7463
6605
7463
7463
7463
6052
7884
7884
7884
4327
2979
2979
2979
4879
1790
395
1185
516
2587
5470
4736
4736
4736
4736
8045
8406
4460
4384
4384
5558
5222
2594
2594
2594
181
4459
5222
5222
7948
3837
3837
3837
3837
3837
8475
8475
8475
8475
4209
4209
1293
1293
102
8495
2964
2964
8617
2755
2755
8617
2723
7901
1073
1073
1009
1073
2904
7396
7901
7901
7901
9641
416
957
957
5581
3219
3219
4537
699
699
699
699
859
859
859
859
859
859
1518
1518
1518
2664
2664
2615
2615
411
3051
3051
3051
651
3051
3900
3900
4178
4178
4178
4178
4178
4178
2985
2985
2985
3065
3065
5817
6398
6398
5910
6398
6398
6398
6398
6500
4358
4358
4358
2667
2667
5133
2429
6736
711
6736
6736
6736
6736
1843
1843
1843
1843
3449
2039
2039
2039
2039
2039
2607
3481
6391
6391
6736
6736
6736
6765
4242
4242
1379
4242
7170
7170
7170
7170
7170
7596
2033
1636
1636
1636
1636
2033
2033
560
560
560
560
560
2033
2744
4838
2787
4083
5239
7616
1786
7803
5446
2868
7084
396
396
2894
3330
3330
7084
1039
2106
2106
2106
2106
2106
3260
3260
3260
7084
5154
708
708
708
708
6519
2922
2922
2922
3241
6519
6519
4054
4054
6393
6393
6393
6393
6393
6393
8378
8378
1173
1173
5617
3734
4155
988
988
5718
5718
70
70
70
70
70
70
70
4595
4595
4683
809
4994
4270
4748
4748
979
6283
3843
3843
3843
3843
2559
2559
2559
4352
4396
1002
2857
6200
6283
1551
1551
1551
6283
6283
6283
7969
2309
2309
1519
1519
1519
1519
1519
2309
2309
5156
6492
7109
7754
8342
6622
6622
5612
5612
8396
8396
8399
1231
8399
324
324
324
324
324
324
324
324
935
935
935
12
12
1100
6442
558
1134
1895
1895
5840
6602
6602
7337
1331
4336
4336
4336
4336
7392
8298
6751
2104
2104
2104
4904
4904
4904
4904
5947
322
4250
4916
4916
4916
4916
5983
5983
6730
6730
6751
6751
6751
6751
6751
6751
7355
4871
4871
4047
4047
8645
8645
6983
8645
4258
4556
384
1129
8706
8706
6072
6072
1510
6072
8556
8746
8782
5472
4154
8819
8878
8878
8878
8878
8924
8986
8570
8570
1376
9035
9035
9035
9317
9317
9363
3005
9416
5895
5895
9416
9416
9416
9416
9416
6067
6067
6067
5741
6067
1409
1409
1409
485
485
6929
1622
1622
1622
837
837
1452
1452
4771
2021
422
9099
9099
3599
3599
3599
3599
3599
3599
3599
2055
2055
5816
5816
5816
7378
7675
8055
8055
8055
7092
281
4656
7092
7074
8055
4512
4512
6760
2024
2024
610
610
3520
3735
3658
5153
5153
3654
8569
8650
3149
292
292
3149
3149
2331
2331
2331
2331
2331
3149
4860
5931
5931
2350
8650
8751
9188
9577
9577
9590
9590
9590
9727
9748
9785
9785
9803
4279
9803
9803
9916
9916
4303
4303
3942
3942
3942
782
782
782
782
978
1078
1078
1078
2913
3942
3942
1381
3647
4149
5590
1499
1499
1499
1499
7489
7489
7985
7985
7985
8230
5126
5126
7123
7123
95
8230
8749
8749
2329
2329
2329
2329
845
1171
1171
1831
1831
3439
3439
3840
3840
3840
3840
2020
4657
3131
3131
3131
3131
3131
3131
4657
4905
4905
6478
6478
2378
2700
2700
6478
355
355
4863
4863
4863
4863
6478
6478
4586
6670
6670
6670
6670
6670
6943
6943
6943
6943
6943
6943
1897
1897
1897
1897
4448
4448
5259
5939
7698
7698
8185
8620
247
3214
3934
3934
3934
3934
3934
3934
2289
3934
973
973
973
973
3934
3934
3934
4251
4573
4573
4573
4792
4835
5339
3605
3605
2890
2890
2890
2890
2443
7838
7891
7891
7891
8609
8697
8697
8752
1766
3730
4346
4346
4346
4986
6238
6238
6238
7751
5188
5188
1517
168
168
168
168
168
168
168
168
450
450
2685
2685
3933
3933
823
3941
3941
3941
4118
4634
4634
6793
6793
4838
4315
5011
5011
5011
5566
941
5566
2863
2863
1287
4810
4810
4785
4785
4785
1070
6523
7442
2563
4327
4327
7442
7980
3661
3661
3661
3870
6077
6077
7958
943
3022
5279
2443
2917
5279
8374
8428
8486
982
3826
3826
4536
4563
4563
715
715
715
715
5569
5569
5569
5569
5569
5569
5569
7490
7490
7490
8461
8461
4808
4808
4408
4408
4408
3185
4408
1712
4408
4979
4979
5090
5090
5090
6498
6498
5748
6248
6615
6615
8724
2347
8724
8724
2111
2111
2111
2111
2488
2877
2877
3728
3847
1046
1046
3847
3847
4361
4361
4361
4722
699
699
4722
5799
6779
7320
8469
8469
3135
3135
2419
570
8904
2224
8904
1694
1694
398
398
398
398
398
398
1694
1694
2844
2844
2844
4540
4540
2536
330
330
330
4540
2773
4630
4630
4786
4786
3297
4786
4786
4926
7416
8939
8990
8990
5069
6499
848
4689
4689
4121
5336
8990
1569
3129
3327
3327
2341
2341
4818
5531
9003
582
582
582
582
582
1606
503
503
503
503
503
503
503
609
609
609
2428
5044
4876
999
999
999
4876
4876
4876
4387
746
746
5221
3263
4302
2438
2438
2438
2673
3694
443
443
5415
77
6745
7151
7151
7213
1559
3443
5940
5940
1922
567
567
7405
7405
4567
5065
5065
6435
3100
5168
2094
7369
7369
7369
7377
7405
7424
7457
7457
7719
1849
4617
4617
7821
7821
7946
7946
1975
7946
7946
7946
7946
392
392
392
392
7340
7340
7340
7340
7340
7368
7368
7368
7368
7368
7368
7368
6357
413
6133
3485
3485
8255
9023
5771
5771
5771
2493
1286
656
1286
2493
2493
9034
9035
4427
2697
3942
3942
708
708
708
708
708
708
708
915
2149
4625
5003
5003
2219
2219
2219
3145
5298
5259
5412
5610
5724
5724
3624
6533
6533
3585
8250
5047
5047
5047
7503
9104
4457
4457
4529
4529
2163
2163
2163
2163
6
3755
3755
3755
3755
3755
3755
6467
2747
2747
2747
3676
3676
3676
1558
1558
126
1558
1558
2823
2823
4160
4160
4160
5019
7386
7798
7798
3404
3404
7318
1946
1946
1806
1946
1267
1267
6223
2218
6223
609
888
3609
6223
6223
3466
3466
3466
5334
2934
2934
7158
7158
5682
5682
5682
5682
5682
5682
5682
8678
8678
8738
2024
6900
6443
6443
1404
1404
1404
1404
3704
4700
4700
4700
3922
3922
3922
4700
4700
2787
2787
5018
7290
8334
8334
4672
8334
5281
8743
2842
8743
8877
8877
8877
8946
8735
8946
1694
4227
8956
8956
2152
2152
566
157
1881
8049
1792
8049
8049
8956
9091
9091
9091
9104
9192
9220
9220
9220
5875
3172
3172
3172
2554
2554
3172
3172
5678
4197
805
805
805
2105
2197
2197
5848
5848
5848
5848
5848
5848
5848
232
6107
6252
6277
6605
7136
7684
3451
8541
6268
8624
8624
1221
1221
8624
3040
8624
8932
9140
1223
9220
9197
9220
9220
9220
4589
4589
919
919
1032
1032
1032
1032
1032
1032
2199
160
4641
5710
5710
5871
5871
5871
5871
167
167
323
323
323
1393
3132
